<?xml version='1.0' ?><testsuites name="Antaeus E2E Tests" tests="[0,17,19,21,19]"><testsuite name="Alonzo PV6 Tests" tests="0" /><testsuite name="Babbage PV7 Tests" tests="17"><testcase name="inlineDatumOutputWithV1ScriptErrorTest" classname="Babbage PV7 Tests" time="2.9850716e-2"><properties><property name="description" value="InlineDatumsNotSupported error occurs when executing a V1 script whilst creatingan output including an inline datum" /></properties></testcase><testcase name="referenceScriptOutputWithV1ScriptErrorTest" classname="Babbage PV7 Tests" time="3.2422477e-2"><properties><property name="description" value="ReferenceScriptsNotSupported error occurs when executing a V1 script whilst creating an output including a reference script" /></properties></testcase><testcase name="referenceInputWithV1ScriptErrorTest" classname="Babbage PV7 Tests" time="3.1226414e-2"><properties><property name="description" value="ReferenceInputsNotSupported error occurs when executing a V1 script whilst referencing an input" /></properties></testcase><testcase name="inlineDatumSpendTest" classname="Babbage PV7 Tests" time="6.109158851"><properties><property name="description" value="Spend funds locked by script by using inline datum and providing Plutus script in transaction as witness" /></properties></testcase><testcase name="referenceScriptDatumHashSpendTest" classname="Babbage PV7 Tests" time="11.207788085"><properties><property name="description" value="Spend funds locked by script by providing datum in txbody and referencing an input containing a Plutus script as witness" /></properties></testcase><testcase name="referenceScriptInlineDatumSpendTest" classname="Babbage PV7 Tests" time="2.089014162"><properties><property name="description" value="Spend funds locked by script by using inline datum and referencing an input containing a Plutus script as witness" /></properties></testcase><testcase name="referenceScriptMintTest" classname="Babbage PV7 Tests" time="22.259462824"><properties><property name="description" value="Mint tokens by referencing an input containing a Plutus policy as witness" /></properties></testcase><testcase name="verifyHashingFunctionsTest" classname="Babbage PV7 Tests" time="1.046217356"><properties><property name="description" value="Hashing functions can be used in a single script to mint. New hashing functions are used in supporting plutus language versions" /></properties></testcase><testcase name="verifySchnorrAndEcdsaTest" classname="Babbage PV7 Tests" time="6.6041085e-2"><properties><property name="description" value="SECP256k1 builtin verify functions verifySchnorrSecp256k1Signature and verifyEcdsaSecp256k1Signature can only be used to mint in Babbage era protocol version 8 and beyond." /></properties></testcase><testcase name="tooManyCollateralInputsErrorTest" classname="Babbage PV7 Tests" time="1.073516773"><properties><property name="description" value="TooManyCollateralInputs error occurs when number of collateral inputs exceed protocol param &#39;maxCollateralInputs&#39;" /></properties></testcase><testcase name="missingCollateralInputErrorTest" classname="Babbage PV7 Tests" time="2.8910488e-2"><properties><property name="description" value="TxBodyEmptyTxInsCollateral error occurs when collateral input is required but txbody&#39;s txInsCollateral is missing" /></properties></testcase><testcase name="noCollateralInputsErrorTest" classname="Babbage PV7 Tests" time="3.232756e-2"><properties><property name="description" value="NoCollateralInputs error occurs when collateral is required but txbody&#39;s txInsCollateral is empty" /></properties></testcase><testcase name="collateralContainsTokenErrorTest" classname="Babbage PV7 Tests" time="1.093323566"><properties><property name="description" value="CollateralContainsNonADA error occurs when including tokens in a collateral input" /></properties></testcase><testcase name="mintBurnTest" classname="Babbage PV7 Tests" time="2.09300316"><properties><property name="description" value="Mint some tokens with Plutus policy in one transaction and then burn some of them in second transaction" /></properties></testcase><testcase name="datumHashSpendTest" classname="Babbage PV7 Tests" time="5.106880447"><properties><property name="description" value="Test spending outputs with datum hash both with and without datum value embedded in tx body" /></properties></testcase><testcase name="checkTxInfoV2Test" classname="Babbage PV7 Tests" time="4.040306629"><properties><property name="description" value="Check each attribute of the TxInfo from the V2 ScriptContext in a single transaction" /></properties></testcase><testcase name="checkTxInfoV1Test" classname="Babbage PV7 Tests" time="4.028678522"><properties><property name="description" value="Check each attribute of the TxInfo from the V1 ScriptContext in a single transaction" /></properties></testcase></testsuite><testsuite name="Babbage PV8 Tests" tests="19"><testcase name="submitWithInvalidScriptThenCollateralIsTakenAndReturnedTest" classname="Babbage PV8 Tests" time="9.918e-6"><failure message="test failure">Known failure due to consensus bug https://github.com/IntersectMBO/ouroboros-consensus/issues/947

</failure><properties><property name="description" value="Submit a failing script when using total and return collateral in tx body.Check that ada and tokens from collateral input are returned in the collateral output.and that the regular input is not consumed." /></properties></testcase><testcase name="returnCollateralWithTokensValidScriptTest" classname="Babbage PV8 Tests" time="4.108152982"><properties><property name="description" value="Check it is possible to provide collateral input containing tokens if return collateralis being used to return them" /></properties></testcase><testcase name="inlineDatumOutputWithV1ScriptErrorTest" classname="Babbage PV8 Tests" time="3.1381047e-2"><properties><property name="description" value="InlineDatumsNotSupported error occurs when executing a V1 script whilst creatingan output including an inline datum" /></properties></testcase><testcase name="referenceScriptOutputWithV1ScriptErrorTest" classname="Babbage PV8 Tests" time="3.2786849e-2"><properties><property name="description" value="ReferenceScriptsNotSupported error occurs when executing a V1 script whilst creating an output including a reference script" /></properties></testcase><testcase name="referenceInputWithV1ScriptErrorTest" classname="Babbage PV8 Tests" time="3.5840597e-2"><properties><property name="description" value="ReferenceInputsNotSupported error occurs when executing a V1 script whilst referencing an input" /></properties></testcase><testcase name="inlineDatumSpendTest" classname="Babbage PV8 Tests" time="8.117173219"><properties><property name="description" value="Spend funds locked by script by using inline datum and providing Plutus script in transaction as witness" /></properties></testcase><testcase name="referenceScriptDatumHashSpendTest" classname="Babbage PV8 Tests" time="3.159542866"><properties><property name="description" value="Spend funds locked by script by providing datum in txbody and referencing an input containing a Plutus script as witness" /></properties></testcase><testcase name="referenceScriptInlineDatumSpendTest" classname="Babbage PV8 Tests" time="4.094068622"><properties><property name="description" value="Spend funds locked by script by using inline datum and referencing an input containing a Plutus script as witness" /></properties></testcase><testcase name="referenceScriptMintTest" classname="Babbage PV8 Tests" time="14.185494424"><properties><property name="description" value="Mint tokens by referencing an input containing a Plutus policy as witness" /></properties></testcase><testcase name="verifyHashingFunctionsTest" classname="Babbage PV8 Tests" time="4.064066956"><properties><property name="description" value="Hashing functions can be used in a single script to mint. New hashing functions are used in supporting plutus language versions" /></properties></testcase><testcase name="verifySchnorrAndEcdsaTest" classname="Babbage PV8 Tests" time="2.044688934"><properties><property name="description" value="SECP256k1 builtin verify functions verifySchnorrSecp256k1Signature and verifyEcdsaSecp256k1Signature can only be used to mint in Babbage era protocol version 8 and beyond." /></properties></testcase><testcase name="tooManyCollateralInputsErrorTest" classname="Babbage PV8 Tests" time="2.103238164"><properties><property name="description" value="TooManyCollateralInputs error occurs when number of collateral inputs exceed protocol param &#39;maxCollateralInputs&#39;" /></properties></testcase><testcase name="missingCollateralInputErrorTest" classname="Babbage PV8 Tests" time="3.2463475e-2"><properties><property name="description" value="TxBodyEmptyTxInsCollateral error occurs when collateral input is required but txbody&#39;s txInsCollateral is missing" /></properties></testcase><testcase name="noCollateralInputsErrorTest" classname="Babbage PV8 Tests" time="3.1882591e-2"><properties><property name="description" value="NoCollateralInputs error occurs when collateral is required but txbody&#39;s txInsCollateral is empty" /></properties></testcase><testcase name="collateralContainsTokenErrorTest" classname="Babbage PV8 Tests" time="2.083280019"><properties><property name="description" value="CollateralContainsNonADA error occurs when including tokens in a collateral input" /></properties></testcase><testcase name="mintBurnTest" classname="Babbage PV8 Tests" time="6.111725601"><properties><property name="description" value="Mint some tokens with Plutus policy in one transaction and then burn some of them in second transaction" /></properties></testcase><testcase name="datumHashSpendTest" classname="Babbage PV8 Tests" time="3.086060457"><properties><property name="description" value="Test spending outputs with datum hash both with and without datum value embedded in tx body" /></properties></testcase><testcase name="checkTxInfoV2Test" classname="Babbage PV8 Tests" time="6.038080196"><properties><property name="description" value="Check each attribute of the TxInfo from the V2 ScriptContext in a single transaction" /></properties></testcase><testcase name="checkTxInfoV1Test" classname="Babbage PV8 Tests" time="3.025968805"><properties><property name="description" value="Check each attribute of the TxInfo from the V1 ScriptContext in a single transaction" /></properties></testcase></testsuite><testsuite name="Conway PV9 Tests" tests="21"><testcase name="submitWithInvalidScriptThenCollateralIsTakenAndReturnedTest" classname="Conway PV9 Tests" time="4.749e-6"><failure message="test failure">Known failure due to consensus bug https://github.com/IntersectMBO/ouroboros-consensus/issues/947

</failure><properties><property name="description" value="Submit a failing script when using total and return collateral in tx body.Check that ada and tokens from collateral input are returned in the collateral output.and that the regular input is not consumed." /></properties></testcase><testcase name="returnCollateralWithTokensValidScriptTest" classname="Conway PV9 Tests" time="5.130679065"><properties><property name="description" value="Check it is possible to provide collateral input containing tokens if return collateralis being used to return them" /></properties></testcase><testcase name="inlineDatumOutputWithV1ScriptErrorTest" classname="Conway PV9 Tests" time="1.6016482e-2"><properties><property name="description" value="InlineDatumsNotSupported error occurs when executing a V1 script whilst creatingan output including an inline datum" /></properties></testcase><testcase name="referenceScriptOutputWithV1ScriptErrorTest" classname="Conway PV9 Tests" time="1.0689551e-2"><properties><property name="description" value="ReferenceScriptsNotSupported error occurs when executing a V1 script whilst creating an output including a reference script" /></properties></testcase><testcase name="referenceInputWithV1ScriptErrorTest" classname="Conway PV9 Tests" time="1.9261321e-2"><properties><property name="description" value="ReferenceInputsNotSupported error occurs when executing a V1 script whilst referencing an input" /></properties></testcase><testcase name="inlineDatumSpendTest" classname="Conway PV9 Tests" time="5.310088995"><properties><property name="description" value="Spend funds locked by script by using inline datum and providing Plutus script in transaction as witness" /></properties></testcase><testcase name="referenceScriptDatumHashSpendTest" classname="Conway PV9 Tests" time="12.193554586"><properties><property name="description" value="Spend funds locked by script by providing datum in txbody and referencing an input containing a Plutus script as witness" /></properties></testcase><testcase name="referenceScriptInlineDatumSpendTest" classname="Conway PV9 Tests" time="11.176718858"><properties><property name="description" value="Spend funds locked by script by using inline datum and referencing an input containing a Plutus script as witness" /></properties></testcase><testcase name="referenceScriptMintTest" classname="Conway PV9 Tests" time="3.104492993"><properties><property name="description" value="Mint tokens by referencing an input containing a Plutus policy as witness" /></properties></testcase><testcase name="verifyBlsFunctionsTestInfo" classname="Conway PV9 Tests" time="13.757998964"><properties><property name="description" value="Uses multiple scripts to cover all builtin BLS functions.Only available in Plutus V3 and beyond." /></properties></testcase><testcase name="verifyHashingFunctionsTest" classname="Conway PV9 Tests" time="18.179493458"><properties><property name="description" value="Hashing functions can be used in a single script to mint. New hashing functions are used in supporting plutus language versions" /></properties></testcase><testcase name="verifySchnorrAndEcdsaTest" classname="Conway PV9 Tests" time="2.050990298"><properties><property name="description" value="SECP256k1 builtin verify functions verifySchnorrSecp256k1Signature and verifyEcdsaSecp256k1Signature can only be used to mint in Babbage era protocol version 8 and beyond." /></properties></testcase><testcase name="tooManyCollateralInputsErrorTest" classname="Conway PV9 Tests" time="2.077537228"><properties><property name="description" value="TooManyCollateralInputs error occurs when number of collateral inputs exceed protocol param &#39;maxCollateralInputs&#39;" /></properties></testcase><testcase name="missingCollateralInputErrorTest" classname="Conway PV9 Tests" time="5.145967e-3"><properties><property name="description" value="TxBodyEmptyTxInsCollateral error occurs when collateral input is required but txbody&#39;s txInsCollateral is missing" /></properties></testcase><testcase name="noCollateralInputsErrorTest" classname="Conway PV9 Tests" time="4.8669791e-2"><properties><property name="description" value="NoCollateralInputs error occurs when collateral is required but txbody&#39;s txInsCollateral is empty" /></properties></testcase><testcase name="collateralContainsTokenErrorTest" classname="Conway PV9 Tests" time="3.08901777"><properties><property name="description" value="CollateralContainsNonADA error occurs when including tokens in a collateral input" /></properties></testcase><testcase name="mintBurnTest" classname="Conway PV9 Tests" time="3.115994651"><properties><property name="description" value="Mint some tokens with Plutus policy in one transaction and then burn some of them in second transaction" /></properties></testcase><testcase name="datumHashSpendTest" classname="Conway PV9 Tests" time="6.097735908"><properties><property name="description" value="Test spending outputs with datum hash both with and without datum value embedded in tx body" /></properties></testcase><testcase name="checkTxInfoV3Test" classname="Conway PV9 Tests" time="5.036702684"><properties><property name="description" value="Check each attribute of the TxInfo from the V3 ScriptContext in a single transaction" /></properties></testcase><testcase name="checkTxInfoV2Test" classname="Conway PV9 Tests" time="11.058152755"><properties><property name="description" value="Check each attribute of the TxInfo from the V2 ScriptContext in a single transaction" /></properties></testcase><testcase name="checkTxInfoV1Test" classname="Conway PV9 Tests" time="3.052021599"><properties><property name="description" value="Check each attribute of the TxInfo from the V1 ScriptContext in a single transaction" /></properties></testcase></testsuite><testsuite name="Conway PV9 Governanace Tests" tests="19"><testcase name="retireStakePoolTestInfo" classname="Conway PV9 Governanace Tests" time="6.087338838"><properties><property name="description" value="Retire stake pool" /></properties></testcase><testcase name="unregisterStakingTest" classname="Conway PV9 Governanace Tests" time="2.052117625"><properties><property name="description" value="Unregister DRep" /></properties></testcase><testcase name="unregisterDRepTest (script)" classname="Conway PV9 Governanace Tests" time="1.0127e-5"><failure message="test failure">known failure due to cardano-api limitation not supporting DRep script witnesses

</failure><properties><property name="description" value="Unregister scriptDRep" /></properties></testcase><testcase name="unregisterDRepTest (key)" classname="Conway PV9 Governanace Tests" time="2.135040837"><properties><property name="description" value="Unregister keyDRep" /></properties></testcase><testcase name="infoProposalAndVoteTest" classname="Conway PV9 Governanace Tests" time="92.431906027"><properties><property name="description" value="Propose and vote on an Info action" /></properties></testcase><testcase name="hardForkProposalAndVoteTest" classname="Conway PV9 Governanace Tests" time="90.450022969"><properties><property name="description" value="Propose and vote on a hard fork" /></properties></testcase><testcase name="treasuryWithdrawalProposalAndVoteTest" classname="Conway PV9 Governanace Tests" time="106.500218589"><properties><property name="description" value="Propose and vote on a treasury withdrawal" /></properties></testcase><testcase name="parameterChangeProposalAndVoteTest" classname="Conway PV9 Governanace Tests" time="105.489442579"><properties><property name="description" value="Propose and vote on a change to the protocol parameters" /></properties></testcase><testcase name="noConfidenceProposalAndVoteTest" classname="Conway PV9 Governanace Tests" time="91.450885818"><properties><property name="description" value="Propose and vote on a motion of no-confidence" /></properties></testcase><testcase name="committeeProposalAndVoteTest" classname="Conway PV9 Governanace Tests" time="109.492807204"><properties><property name="description" value="Propose and vote on new constitutional committee" /></properties></testcase><testcase name="constitutionProposalAndVoteTest" classname="Conway PV9 Governanace Tests" time="250.970415151"><properties><property name="description" value="Propose and vote on new constitution" /></properties></testcase><testcase name="registerCommitteeTest" classname="Conway PV9 Governanace Tests" time="5.059071606"><properties><property name="description" value="Register a committee member (for voting)" /></properties></testcase><testcase name="delegateToStakePoolTest" classname="Conway PV9 Governanace Tests" time="4.055569486"><properties><property name="description" value="Delegate stake to SPO (for staking)" /></properties></testcase><testcase name="delegateToDRepTest (script)" classname="Conway PV9 Governanace Tests" time="6.056052325"><properties><property name="description" value="Delegate stake to script DRep (for vote delegation)" /></properties></testcase><testcase name="delegateToDRepTest (key)" classname="Conway PV9 Governanace Tests" time="2.041726429"><properties><property name="description" value="Delegate stake to key DRep (for vote delegation)" /></properties></testcase><testcase name="registerDRepTest (script)" classname="Conway PV9 Governanace Tests" time="1.1524e-5"><failure message="test failure">known failure due to cardano-api limitation not supporting DRep script witnesses

</failure><properties><property name="description" value="Register a script DRep (for voting)" /></properties></testcase><testcase name="registerDRepTest (key)" classname="Conway PV9 Governanace Tests" time="2.044675762"><properties><property name="description" value="Register a key DRep (for voting)" /></properties></testcase><testcase name="registerStakingTest" classname="Conway PV9 Governanace Tests" time="4.047024037"><properties><property name="description" value="Register a stake address (for vote delegation)" /></properties></testcase><testcase name="registerStakePoolTest" classname="Conway PV9 Governanace Tests" time="3.046409305"><properties><property name="description" value="Register a stake pool (for voting)" /></properties></testcase></testsuite></testsuites>