<?xml version='1.0' ?><testsuites name="Antaeus E2E Tests" tests="[8,17,19,15]"><testsuite name="Alonzo PV6 Tests" tests="8"><testcase name="verifyHashingFunctionsTest" classname="Alonzo PV6 Tests" time="3.124341594"><properties><property name="description" value="Hashing functions can be used in a single script to mint. New hashing functions are used in supporting plutus language versions" /></properties></testcase><testcase name="verifySchnorrAndEcdsaTest" classname="Alonzo PV6 Tests" time="5.5636971e-2"><properties><property name="description" value="SECP256k1 builtin verify functions verifySchnorrSecp256k1Signature and verifyEcdsaSecp256k1Signature can only be used to mint in Babbage era protocol version 8 and beyond." /></properties></testcase><testcase name="missingCollateralInputErrorTest" classname="Alonzo PV6 Tests" time="2.7851591e-2"><properties><property name="description" value="TxBodyEmptyTxInsCollateral error occurs when collateral input is required but txbody&#39;s txInsCollateral is missing" /></properties></testcase><testcase name="noCollateralInputsErrorTest" classname="Alonzo PV6 Tests" time="0.130912971"><properties><property name="description" value="NoCollateralInputs error occurs when collateral is required but txbody&#39;s txInsCollateral is empty" /></properties></testcase><testcase name="collateralContainsTokenErrorTest" classname="Alonzo PV6 Tests" time="1.210095121"><properties><property name="description" value="CollateralContainsNonADA error occurs when including tokens in a collateral input" /></properties></testcase><testcase name="mintBurnTest" classname="Alonzo PV6 Tests" time="4.232927433"><properties><property name="description" value="Mint some tokens with Plutus policy in one transaction and then burn some of them in second transaction" /></properties></testcase><testcase name="datumHashSpendTest" classname="Alonzo PV6 Tests" time="4.239934975"><properties><property name="description" value="Test spending outputs with datum hash both with and without datum value embedded in tx body" /></properties></testcase><testcase name="checkTxInfoV1Test" classname="Alonzo PV6 Tests" time="4.050603456"><properties><property name="description" value="Check each attribute of the TxInfo from the V1 ScriptContext in a single transaction" /></properties></testcase></testsuite><testsuite name="Babbage PV7 Tests" tests="17"><testcase name="inlineDatumOutputWithV1ScriptErrorTest" classname="Babbage PV7 Tests" time="4.9193265e-2"><properties><property name="description" value="InlineDatumsNotSupported error occurs when executing a V1 script whilst creatingan output including an inline datum" /></properties></testcase><testcase name="referenceScriptOutputWithV1ScriptErrorTest" classname="Babbage PV7 Tests" time="5.4214772e-2"><properties><property name="description" value="ReferenceScriptsNotSupported error occurs when executing a V1 script whilst creating an output including a reference script" /></properties></testcase><testcase name="referenceInputWithV1ScriptErrorTest" classname="Babbage PV7 Tests" time="5.9290476e-2"><properties><property name="description" value="ReferenceInputsNotSupported error occurs when executing a V1 script whilst referencing an input" /></properties></testcase><testcase name="inlineDatumSpendTest" classname="Babbage PV7 Tests" time="4.236025315"><properties><property name="description" value="Spend funds locked by script by using inline datum and providing Plutus script in transaction as witness" /></properties></testcase><testcase name="referenceScriptDatumHashSpendTest" classname="Babbage PV7 Tests" time="2.226316938"><properties><property name="description" value="Spend funds locked by script by providing datum in txbody and referencing an input containing a Plutus script as witness" /></properties></testcase><testcase name="referenceScriptInlineDatumSpendTest" classname="Babbage PV7 Tests" time="3.236707236"><properties><property name="description" value="Spend funds locked by script by using inline datum and referencing an input containing a Plutus script as witness" /></properties></testcase><testcase name="referenceScriptMintTest" classname="Babbage PV7 Tests" time="4.240618497"><properties><property name="description" value="Mint tokens by referencing an input containing a Plutus policy as witness" /></properties></testcase><testcase name="verifyHashingFunctionsTest" classname="Babbage PV7 Tests" time="5.139207135"><properties><property name="description" value="Hashing functions can be used in a single script to mint. New hashing functions are used in supporting plutus language versions" /></properties></testcase><testcase name="verifySchnorrAndEcdsaTest" classname="Babbage PV7 Tests" time="5.8346194e-2"><properties><property name="description" value="SECP256k1 builtin verify functions verifySchnorrSecp256k1Signature and verifyEcdsaSecp256k1Signature can only be used to mint in Babbage era protocol version 8 and beyond." /></properties></testcase><testcase name="tooManyCollateralInputsErrorTest" classname="Babbage PV7 Tests" time="2.225221578"><properties><property name="description" value="TooManyCollateralInputs error occurs when number of collateral inputs exceed protocol param &#39;maxCollateralInputs&#39;" /></properties></testcase><testcase name="missingCollateralInputErrorTest" classname="Babbage PV7 Tests" time="2.155706e-2"><properties><property name="description" value="TxBodyEmptyTxInsCollateral error occurs when collateral input is required but txbody&#39;s txInsCollateral is missing" /></properties></testcase><testcase name="noCollateralInputsErrorTest" classname="Babbage PV7 Tests" time="0.119310243"><properties><property name="description" value="NoCollateralInputs error occurs when collateral is required but txbody&#39;s txInsCollateral is empty" /></properties></testcase><testcase name="collateralContainsTokenErrorTest" classname="Babbage PV7 Tests" time="3.267023159"><properties><property name="description" value="CollateralContainsNonADA error occurs when including tokens in a collateral input" /></properties></testcase><testcase name="mintBurnTest" classname="Babbage PV7 Tests" time="2.230937334"><properties><property name="description" value="Mint some tokens with Plutus policy in one transaction and then burn some of them in second transaction" /></properties></testcase><testcase name="datumHashSpendTest" classname="Babbage PV7 Tests" time="4.250212217"><properties><property name="description" value="Test spending outputs with datum hash both with and without datum value embedded in tx body" /></properties></testcase><testcase name="checkTxInfoV2Test" classname="Babbage PV7 Tests" time="2.051582816"><properties><property name="description" value="Check each attribute of the TxInfo from the V2 ScriptContext in a single transaction" /></properties></testcase><testcase name="checkTxInfoV1Test" classname="Babbage PV7 Tests" time="2.047264261"><properties><property name="description" value="Check each attribute of the TxInfo from the V1 ScriptContext in a single transaction" /></properties></testcase></testsuite><testsuite name="Babbage PV8 Tests" tests="19"><testcase name="submitWithInvalidScriptThenCollateralIsTakenAndReturnedTest" classname="Babbage PV8 Tests" time="2.261222433"><properties><property name="description" value="Submit a failing script when using total and return collateral in tx body.Check that ada and tokens from collateral input are returned in the collateral output.and that the regular input is not consumed." /></properties></testcase><testcase name="returnCollateralWithTokensValidScriptTest" classname="Babbage PV8 Tests" time="5.229723187"><properties><property name="description" value="Check it is possible to provide collateral input containing tokens if return collateralis being used to return them" /></properties></testcase><testcase name="inlineDatumOutputWithV1ScriptErrorTest" classname="Babbage PV8 Tests" time="7.0998005e-2"><properties><property name="description" value="InlineDatumsNotSupported error occurs when executing a V1 script whilst creatingan output including an inline datum" /></properties></testcase><testcase name="referenceScriptOutputWithV1ScriptErrorTest" classname="Babbage PV8 Tests" time="5.4918173e-2"><properties><property name="description" value="ReferenceScriptsNotSupported error occurs when executing a V1 script whilst creating an output including a reference script" /></properties></testcase><testcase name="referenceInputWithV1ScriptErrorTest" classname="Babbage PV8 Tests" time="5.4933958e-2"><properties><property name="description" value="ReferenceInputsNotSupported error occurs when executing a V1 script whilst referencing an input" /></properties></testcase><testcase name="inlineDatumSpendTest" classname="Babbage PV8 Tests" time="4.245644153"><properties><property name="description" value="Spend funds locked by script by using inline datum and providing Plutus script in transaction as witness" /></properties></testcase><testcase name="referenceScriptDatumHashSpendTest" classname="Babbage PV8 Tests" time="4.236152475"><properties><property name="description" value="Spend funds locked by script by providing datum in txbody and referencing an input containing a Plutus script as witness" /></properties></testcase><testcase name="referenceScriptInlineDatumSpendTest" classname="Babbage PV8 Tests" time="3.236567511"><properties><property name="description" value="Spend funds locked by script by using inline datum and referencing an input containing a Plutus script as witness" /></properties></testcase><testcase name="referenceScriptMintTest" classname="Babbage PV8 Tests" time="3.242876252"><properties><property name="description" value="Mint tokens by referencing an input containing a Plutus policy as witness" /></properties></testcase><testcase name="verifyHashingFunctionsTest" classname="Babbage PV8 Tests" time="1.112771448"><properties><property name="description" value="Hashing functions can be used in a single script to mint. New hashing functions are used in supporting plutus language versions" /></properties></testcase><testcase name="verifySchnorrAndEcdsaTest" classname="Babbage PV8 Tests" time="1.11956396"><properties><property name="description" value="SECP256k1 builtin verify functions verifySchnorrSecp256k1Signature and verifyEcdsaSecp256k1Signature can only be used to mint in Babbage era protocol version 8 and beyond." /></properties></testcase><testcase name="tooManyCollateralInputsErrorTest" classname="Babbage PV8 Tests" time="1.205229489"><properties><property name="description" value="TooManyCollateralInputs error occurs when number of collateral inputs exceed protocol param &#39;maxCollateralInputs&#39;" /></properties></testcase><testcase name="missingCollateralInputErrorTest" classname="Babbage PV8 Tests" time="2.4182885e-2"><properties><property name="description" value="TxBodyEmptyTxInsCollateral error occurs when collateral input is required but txbody&#39;s txInsCollateral is missing" /></properties></testcase><testcase name="noCollateralInputsErrorTest" classname="Babbage PV8 Tests" time="0.146980419"><properties><property name="description" value="NoCollateralInputs error occurs when collateral is required but txbody&#39;s txInsCollateral is empty" /></properties></testcase><testcase name="collateralContainsTokenErrorTest" classname="Babbage PV8 Tests" time="2.236722985"><properties><property name="description" value="CollateralContainsNonADA error occurs when including tokens in a collateral input" /></properties></testcase><testcase name="mintBurnTest" classname="Babbage PV8 Tests" time="2.228682769"><properties><property name="description" value="Mint some tokens with Plutus policy in one transaction and then burn some of them in second transaction" /></properties></testcase><testcase name="datumHashSpendTest" classname="Babbage PV8 Tests" time="2.225054191"><properties><property name="description" value="Test spending outputs with datum hash both with and without datum value embedded in tx body" /></properties></testcase><testcase name="checkTxInfoV2Test" classname="Babbage PV8 Tests" time="2.042170086"><properties><property name="description" value="Check each attribute of the TxInfo from the V2 ScriptContext in a single transaction" /></properties></testcase><testcase name="checkTxInfoV1Test" classname="Babbage PV8 Tests" time="5.061439856"><properties><property name="description" value="Check each attribute of the TxInfo from the V1 ScriptContext in a single transaction" /></properties></testcase></testsuite><testsuite name="Conway PV9 Tests" tests="15"><testcase name="submitWithInvalidScriptThenCollateralIsTakenAndReturnedTest" classname="Conway PV9 Tests" time="5.239946531"><properties><property name="description" value="Submit a failing script when using total and return collateral in tx body.Check that ada and tokens from collateral input are returned in the collateral output.and that the regular input is not consumed." /></properties></testcase><testcase name="returnCollateralWithTokensValidScriptTest" classname="Conway PV9 Tests" time="3.235264277"><properties><property name="description" value="Check it is possible to provide collateral input containing tokens if return collateralis being used to return them" /></properties></testcase><testcase name="inlineDatumSpendTest" classname="Conway PV9 Tests" time="2.229946664"><properties><property name="description" value="Spend funds locked by script by using inline datum and providing Plutus script in transaction as witness" /></properties></testcase><testcase name="referenceScriptDatumHashSpendTest" classname="Conway PV9 Tests" time="5.241807854"><properties><property name="description" value="Spend funds locked by script by providing datum in txbody and referencing an input containing a Plutus script as witness" /></properties></testcase><testcase name="referenceScriptInlineDatumSpendTest" classname="Conway PV9 Tests" time="3.230185369"><properties><property name="description" value="Spend funds locked by script by using inline datum and referencing an input containing a Plutus script as witness" /></properties></testcase><testcase name="referenceScriptMintTest" classname="Conway PV9 Tests" time="2.222907929"><properties><property name="description" value="Mint tokens by referencing an input containing a Plutus policy as witness" /></properties></testcase><testcase name="verifyHashingFunctionsTest" classname="Conway PV9 Tests" time="1.122591626"><properties><property name="description" value="Hashing functions can be used in a single script to mint. New hashing functions are used in supporting plutus language versions" /></properties></testcase><testcase name="verifySchnorrAndEcdsaTest" classname="Conway PV9 Tests" time="1.112383983"><properties><property name="description" value="SECP256k1 builtin verify functions verifySchnorrSecp256k1Signature and verifyEcdsaSecp256k1Signature can only be used to mint in Babbage era protocol version 8 and beyond." /></properties></testcase><testcase name="tooManyCollateralInputsErrorTest" classname="Conway PV9 Tests" time="2.22665679"><properties><property name="description" value="TooManyCollateralInputs error occurs when number of collateral inputs exceed protocol param &#39;maxCollateralInputs&#39;" /></properties></testcase><testcase name="missingCollateralInputErrorTest" classname="Conway PV9 Tests" time="4.616348e-3"><properties><property name="description" value="TxBodyEmptyTxInsCollateral error occurs when collateral input is required but txbody&#39;s txInsCollateral is missing" /></properties></testcase><testcase name="noCollateralInputsErrorTest" classname="Conway PV9 Tests" time="0.10179351"><properties><property name="description" value="NoCollateralInputs error occurs when collateral is required but txbody&#39;s txInsCollateral is empty" /></properties></testcase><testcase name="collateralContainsTokenErrorTest" classname="Conway PV9 Tests" time="1.22304804"><properties><property name="description" value="CollateralContainsNonADA error occurs when including tokens in a collateral input" /></properties></testcase><testcase name="mintBurnTest" classname="Conway PV9 Tests" time="2.230789514"><properties><property name="description" value="Mint some tokens with Plutus policy in one transaction and then burn some of them in second transaction" /></properties></testcase><testcase name="datumHashSpendTest" classname="Conway PV9 Tests" time="5.219437022"><properties><property name="description" value="Test spending outputs with datum hash both with and without datum value embedded in tx body" /></properties></testcase><testcase name="checkTxInfoV2Test" classname="Conway PV9 Tests" time="2.056721901"><properties><property name="description" value="Check each attribute of the TxInfo from the V2 ScriptContext in a single transaction" /></properties></testcase></testsuite></testsuites>